*** Using Compiler 'V5.06 update 7 (build 960)', folder: 'D:\Keil_v5\ARM\ARMCC\Bin'
Build target 'dshot_drive_plane_motor'
assembling startup_stm32h723xx.s...
compiling stm32h7xx_hal_gpio.c...
../Drivers/CMSIS/Include/cachel1_armv7.h(188): warning:  #1041-D: alignment for an auto object may not be larger than 8
      } locals
../Drivers/STM32H7xx_HAL_Driver/Src/stm32h7xx_hal_gpio.c: 1 warning, 0 errors
compiling gpio.c...
../Drivers/CMSIS/Include/cachel1_armv7.h(188): warning:  #1041-D: alignment for an auto object may not be larger than 8
      } locals
../Core/Src/gpio.c: 1 warning, 0 errors
compiling stm32h7xx_hal_msp.c...
../Drivers/CMSIS/Include/cachel1_armv7.h(188): warning:  #1041-D: alignment for an auto object may not be larger than 8
      } locals
../Core/Src/stm32h7xx_hal_msp.c: 1 warning, 0 errors
compiling stm32h7xx_it.c...
../Drivers/CMSIS/Include/cachel1_armv7.h(188): warning:  #1041-D: alignment for an auto object may not be larger than 8
      } locals
../Core/Src/stm32h7xx_it.c: 1 warning, 0 errors
compiling tim.c...
../Drivers/CMSIS/Include/cachel1_armv7.h(188): warning:  #1041-D: alignment for an auto object may not be larger than 8
      } locals
../Core/Src/tim.c: 1 warning, 0 errors
compiling dma.c...
../Drivers/CMSIS/Include/cachel1_armv7.h(188): warning:  #1041-D: alignment for an auto object may not be larger than 8
      } locals
../Core/Src/dma.c: 1 warning, 0 errors
compiling stm32h7xx_hal_cortex.c...
../Drivers/CMSIS/Include/cachel1_armv7.h(188): warning:  #1041-D: alignment for an auto object may not be larger than 8
      } locals
../Drivers/STM32H7xx_HAL_Driver/Src/stm32h7xx_hal_cortex.c: 1 warning, 0 errors
compiling stm32h7xx_hal_i2c_ex.c...
../Drivers/CMSIS/Include/cachel1_armv7.h(188): warning:  #1041-D: alignment for an auto object may not be larger than 8
      } locals
../Drivers/STM32H7xx_HAL_Driver/Src/stm32h7xx_hal_i2c_ex.c: 1 warning, 0 errors
compiling dshot.c...
dshot\dshot.c(368): warning:  #1-D: last line of file ends without a newline
  //#endif
dshot\dshot.c: 1 warning, 0 errors
compiling stm32h7xx_hal_pwr.c...
../Drivers/CMSIS/Include/cachel1_armv7.h(188): warning:  #1041-D: alignment for an auto object may not be larger than 8
      } locals
../Drivers/STM32H7xx_HAL_Driver/Src/stm32h7xx_hal_pwr.c: 1 warning, 0 errors
compiling stm32h7xx_hal_flash_ex.c...
../Drivers/CMSIS/Include/cachel1_armv7.h(188): warning:  #1041-D: alignment for an auto object may not be larger than 8
      } locals
../Drivers/STM32H7xx_HAL_Driver/Src/stm32h7xx_hal_flash_ex.c: 1 warning, 0 errors
compiling stm32h7xx_hal_hsem.c...
../Drivers/CMSIS/Include/cachel1_armv7.h(188): warning:  #1041-D: alignment for an auto object may not be larger than 8
      } locals
../Drivers/STM32H7xx_HAL_Driver/Src/stm32h7xx_hal_hsem.c: 1 warning, 0 errors
compiling main.c...
../Drivers/CMSIS/Include/cachel1_armv7.h(188): warning:  #1041-D: alignment for an auto object may not be larger than 8
      } locals
../Core/Src/main.c: 1 warning, 0 errors
compiling stm32h7xx_hal_mdma.c...
../Drivers/CMSIS/Include/cachel1_armv7.h(188): warning:  #1041-D: alignment for an auto object may not be larger than 8
      } locals
../Drivers/STM32H7xx_HAL_Driver/Src/stm32h7xx_hal_mdma.c: 1 warning, 0 errors
compiling stm32h7xx_hal_flash.c...
../Drivers/CMSIS/Include/cachel1_armv7.h(188): warning:  #1041-D: alignment for an auto object may not be larger than 8
      } locals
../Drivers/STM32H7xx_HAL_Driver/Src/stm32h7xx_hal_flash.c: 1 warning, 0 errors
compiling stm32h7xx_hal.c...
../Drivers/CMSIS/Include/cachel1_armv7.h(188): warning:  #1041-D: alignment for an auto object may not be larger than 8
      } locals
../Drivers/STM32H7xx_HAL_Driver/Src/stm32h7xx_hal.c: 1 warning, 0 errors
compiling stm32h7xx_hal_exti.c...
../Drivers/CMSIS/Include/cachel1_armv7.h(188): warning:  #1041-D: alignment for an auto object may not be larger than 8
      } locals
../Drivers/STM32H7xx_HAL_Driver/Src/stm32h7xx_hal_exti.c: 1 warning, 0 errors
compiling stm32h7xx_hal_dma_ex.c...
../Drivers/CMSIS/Include/cachel1_armv7.h(188): warning:  #1041-D: alignment for an auto object may not be larger than 8
      } locals
../Drivers/STM32H7xx_HAL_Driver/Src/stm32h7xx_hal_dma_ex.c: 1 warning, 0 errors
compiling stm32h7xx_hal_pwr_ex.c...
../Drivers/CMSIS/Include/cachel1_armv7.h(188): warning:  #1041-D: alignment for an auto object may not be larger than 8
      } locals
../Drivers/STM32H7xx_HAL_Driver/Src/stm32h7xx_hal_pwr_ex.c: 1 warning, 0 errors
compiling stm32h7xx_hal_i2c.c...
../Drivers/CMSIS/Include/cachel1_armv7.h(188): warning:  #1041-D: alignment for an auto object may not be larger than 8
      } locals
../Drivers/STM32H7xx_HAL_Driver/Src/stm32h7xx_hal_i2c.c: 1 warning, 0 errors
compiling stm32h7xx_hal_rcc.c...
../Drivers/CMSIS/Include/cachel1_armv7.h(188): warning:  #1041-D: alignment for an auto object may not be larger than 8
      } locals
../Drivers/STM32H7xx_HAL_Driver/Src/stm32h7xx_hal_rcc.c: 1 warning, 0 errors
compiling stm32h7xx_hal_tim.c...
../Drivers/CMSIS/Include/cachel1_armv7.h(188): warning:  #1041-D: alignment for an auto object may not be larger than 8
      } locals
../Drivers/STM32H7xx_HAL_Driver/Src/stm32h7xx_hal_tim.c: 1 warning, 0 errors
compiling stm32h7xx_hal_rcc_ex.c...
../Drivers/CMSIS/Include/cachel1_armv7.h(188): warning:  #1041-D: alignment for an auto object may not be larger than 8
      } locals
../Drivers/STM32H7xx_HAL_Driver/Src/stm32h7xx_hal_rcc_ex.c: 1 warning, 0 errors
compiling stm32h7xx_hal_dma.c...
../Drivers/CMSIS/Include/cachel1_armv7.h(188): warning:  #1041-D: alignment for an auto object may not be larger than 8
      } locals
../Drivers/STM32H7xx_HAL_Driver/Src/stm32h7xx_hal_dma.c: 1 warning, 0 errors
compiling system_stm32h7xx.c...
../Drivers/CMSIS/Include/cachel1_armv7.h(188): warning:  #1041-D: alignment for an auto object may not be larger than 8
      } locals
../Core/Src/system_stm32h7xx.c: 1 warning, 0 errors
compiling dshot_lib.c...
dshot\dshot_lib.c(13): warning:  #1565-D: white space between backslash and newline in line splice ignored
    |__   __| |                                 | |     |  __ \                           
dshot\dshot_lib.c(15): warning:  #1565-D: white space between backslash and newline in line splice ignored
       | |  | '_ \ / _ \| | | / __|/ _` | '__/ _` / __| | |  | | '__/ _ \/ _` | '_ ` _ \  
../Drivers/CMSIS/Include/cachel1_armv7.h(188): warning:  #1041-D: alignment for an auto object may not be larger than 8
      } locals
dshot\dshot_lib.c(107): warning:  #1-D: last line of file ends without a newline
  }
dshot\dshot_lib.c: 4 warnings, 0 errors
compiling stm32h7xx_hal_tim_ex.c...
../Drivers/CMSIS/Include/cachel1_armv7.h(188): warning:  #1041-D: alignment for an auto object may not be larger than 8
      } locals
../Drivers/STM32H7xx_HAL_Driver/Src/stm32h7xx_hal_tim_ex.c: 1 warning, 0 errors
linking...
Program Size: Code=17322 RO-data=806 RW-data=28 ZI-data=2188  
FromELF: creating hex file...
"dshot_drive_plane_motor\dshot_drive_plane_motor.axf" - 0 Error(s), 30 Warning(s).
Build Time Elapsed:  00:00:15
